<?xml version="1.0" encoding="UTF-8"?>
<!-- Generated by org.testng.reporters.JUnitReportReporter -->
<testsuite hostname="Ramadevi" failures="0" tests="1" name="Airlines.project.airlinesproject.Testcase3_invalid_cred" time="13.052" errors="0" timestamp="2024-10-10T08:36:22 EDT" skipped="0">
  <testcase classname="Airlines.project.airlinesproject.Testcase3_invalid_cred" name="registration" time="13.052">
    <system-out>
      <![CDATA[My test case is passs]]>
    </system-out>
  </testcase> <!-- registration -->
  <system-out>
    <![CDATA[My test case is passs]]>
  </system-out>
</testsuite> <!-- Airlines.project.airlinesproject.Testcase3_invalid_cred -->
