<?xml version="1.0" encoding="UTF-8"?>
<!-- Generated by org.testng.reporters.JUnitReportReporter -->
<testsuite hostname="Ramadevi" failures="0" tests="1" name="Airlines.project.airlinesproject.Testcase1_New_user" time="6.545" errors="0" timestamp="2024-10-10T07:56:30 EDT" skipped="0">
  <testcase classname="Airlines.project.airlinesproject.Testcase1_New_user" name="registration" time="6.545">
    <system-out>
      <![CDATA[My test case is passs]]>
    </system-out>
  </testcase> <!-- registration -->
  <system-out>
    <![CDATA[My test case is passs]]>
  </system-out>
</testsuite> <!-- Airlines.project.airlinesproject.Testcase1_New_user -->
