<?xml version="1.0" encoding="UTF-8"?>
<!-- Generated by org.testng.reporters.JUnitReportReporter -->
<testsuite hostname="Ramadevi" failures="0" tests="1" name="Airlines.project.airlinesproject.Testcase10_flight_details_cancellation" time="35.974" errors="0" timestamp="2024-10-11T11:15:55 EDT" skipped="0">
  <testcase classname="Airlines.project.airlinesproject.Testcase10_flight_details_cancellation" name="oneway_search" time="35.974">
    <system-out>
      <![CDATA[My test case is passs]]>
    </system-out>
  </testcase> <!-- oneway_search -->
  <system-out>
    <![CDATA[My test case is passs]]>
  </system-out>
</testsuite> <!-- Airlines.project.airlinesproject.Testcase10_flight_details_cancellation -->
