<?xml version="1.0" encoding="UTF-8"?>
<!-- Generated by org.testng.reporters.JUnitReportReporter -->
<testsuite hostname="Ramadevi" failures="0" tests="1" name="Airlines.project.airlinesproject.Testcase6_different_class_search" time="41.707" errors="0" timestamp="2024-10-10T10:12:53 EDT" skipped="0">
  <testcase classname="Airlines.project.airlinesproject.Testcase6_different_class_search" name="oneway_search" time="41.707">
    <system-out>
      <![CDATA[My test case is passs]]>
    </system-out>
  </testcase> <!-- oneway_search -->
  <system-out>
    <![CDATA[My test case is passs]]>
  </system-out>
</testsuite> <!-- Airlines.project.airlinesproject.Testcase6_different_class_search -->
