<?xml version="1.0" encoding="UTF-8"?>
<!-- Generated by org.testng.reporters.JUnitReportReporter -->
<testsuite hostname="Ramadevi" failures="0" tests="1" name="Airlines.project.airlinesproject.Testcase4_oneway_trip" time="22.487" errors="0" timestamp="2024-10-11T12:41:52 EDT" skipped="0">
  <testcase classname="Airlines.project.airlinesproject.Testcase4_oneway_trip" name="oneway_search" time="22.487">
    <system-out>
      <![CDATA[My test case is passs]]>
    </system-out>
  </testcase> <!-- oneway_search -->
  <system-out>
    <![CDATA[My test case is passs]]>
  </system-out>
</testsuite> <!-- Airlines.project.airlinesproject.Testcase4_oneway_trip -->
