<?xml version="1.0" encoding="UTF-8"?>
<!-- Generated by org.testng.reporters.JUnitReportReporter -->
<testsuite hostname="Ramadevi" failures="0" tests="1" name="Airlines.project.airlinesproject.Testcase_14_search_roundtrip_domestic" time="19.523" errors="0" timestamp="2024-10-13T11:54:54 EDT" skipped="0">
  <testcase classname="Airlines.project.airlinesproject.Testcase_14_search_roundtrip_domestic" name="registration" time="19.523">
    <system-out>
      <![CDATA[My test case is passs]]>
    </system-out>
  </testcase> <!-- registration -->
  <system-out>
    <![CDATA[My test case is passs]]>
  </system-out>
</testsuite> <!-- Airlines.project.airlinesproject.Testcase_14_search_roundtrip_domestic -->
